<?xml version="1.0" encoding="UTF-8"?>
<testsuite name="BullsCowsTest" tests="1" skipped="0" failures="0" errors="0" timestamp="2020-11-19T22:49:04" hostname="LAPTOP-MURC9SVL" time="1.227">
  <properties/>
  <testcase name="start" classname="BullsCowsTest" time="1.227"/>
  <system-out><![CDATA[?[1;31m
Start test 1?[0m
Input the length of the secret code:
> 1
Input the number of possible symbols in the code:
> 10
The secret code is prepared: * (0-9).
Okay, let's start a game!
> 0
Grade: None
> 1
Grade: None
> 2
Grade: None
> 3
Grade: None
> 4
Grade: None
> 5
Congratulations! You guessed the secret code.
Grade: 1 bull
?[1;31m
Start test 2?[0m
Input the length of the secret code:
> 4
Input the number of possible symbols in the code:
> 10
The secret code is prepared: **** (0-9).
Okay, let's start a game!
> 0000
Grade: None
> 1111
Grade: None
> 2222
Grade: None
> 3333
Grade: None
> 4444
Grade: None
> 5555
Grade: 1 bull and 3cows
> 6666
Grade: 1 bull and 3cows
> 7777
Grade: None
> 8888
Grade: 1 bull and 3cows
> 9999
Grade: 1 bull and 3cows
> 5689
Grade: 1 bull and 3cows
> 6589
Grade: 2 bulls and 2cows
> 8569
Grade: 1 bull and 3cows
> 5869
Grade: 2 bulls and 2cows
> 6859
Congratulations! You guessed the secret code.
Grade: 4 bulls
?[1;31m
Start test 3?[0m
Input the length of the secret code:
> 6
Input the number of possible symbols in the code:
> 10
The secret code is prepared: ****** (0-9).
Okay, let's start a game!
> 000000
Grade: None
> 111111
Grade: 1 bull and 5cows
> 222222
Grade: 1 bull and 5cows
> 333333
Grade: 1 bull and 5cows
> 444444
Grade: 1 bull and 5cows
> 555555
Grade: 1 bull and 5cows
> 666666
Grade: None
> 777777
Grade: 1 bull and 5cows
> 123457
Grade: 1 bull and 5cows
> 213457
Grade: 1 bull and 5cows
> 312457
Grade: 2 bulls and 4cows
> 132457
Grade: 2 bulls and 4cows
> 231457
Grade: 1 bull and 5cows
> 321457
Grade: 1 bull and 5cows
> 421357
Grade: 6 cows
> 241357
Grade: 6 cows
> 142357
Grade: 1 bull and 5cows
> 412357
Grade: 1 bull and 5cows
> 214357
Grade: 6 cows
> 124357
Grade: 6 cows
> 134257
Grade: 6 cows
> 314257
Grade: 6 cows
> 413257
Grade: 6 cows
> 143257
Grade: 6 cows
> 341257
Grade: 6 cows
> 431257
Grade: 6 cows
> 432157
Grade: 1 bull and 5cows
> 342157
Grade: 1 bull and 5cows
> 243157
Grade: 6 cows
> 423157
Grade: 6 cows
> 324157
Grade: 6 cows
> 234157
Grade: 6 cows
> 534127
Grade: 6 cows
> 354127
Grade: 1 bull and 5cows
> 453127
Grade: 1 bull and 5cows
> 543127
Grade: 6 cows
> 345127
Grade: 6 cows
> 435127
Grade: 6 cows
> 135427
Grade: 1 bull and 5cows
> 315427
Grade: 1 bull and 5cows
> 513427
Grade: 1 bull and 5cows
> 153427
Grade: 2 bulls and 4cows
> 351427
Grade: 2 bulls and 4cows
> 531427
Grade: 1 bull and 5cows
> 541327
Grade: 6 cows
> 451327
Grade: 1 bull and 5cows
> 154327
Grade: 1 bull and 5cows
> 514327
Grade: 6 cows
> 415327
Grade: 6 cows
> 145327
Grade: 6 cows
> 143527
Grade: 6 cows
> 413527
Grade: 6 cows
> 314527
Grade: 6 cows
> 134527
Grade: 6 cows
> 431527
Grade: 6 cows
> 341527
Grade: 6 cows
> 241537
Grade: 6 cows
> 421537
Grade: 6 cows
> 124537
Grade: 6 cows
> 214537
Grade: 6 cows
> 412537
Grade: 1 bull and 5cows
> 142537
Grade: 1 bull and 5cows
> 542137
Grade: 1 bull and 5cows
> 452137
Grade: 2 bulls and 4cows
> 254137
Grade: 1 bull and 5cows
> 524137
Grade: 6 cows
> 425137
Grade: 6 cows
> 245137
Grade: 6 cows
> 215437
Grade: 1 bull and 5cows
> 125437
Grade: 1 bull and 5cows
> 521437
Grade: 1 bull and 5cows
> 251437
Grade: 2 bulls and 4cows
> 152437
Grade: 3 bulls and 3cows
> 512437
Grade: 2 bulls and 4cows
> 514237
Grade: 6 cows
> 154237
Grade: 1 bull and 5cows
> 451237
Grade: 1 bull and 5cows
> 541237
Grade: 6 cows
> 145237
Grade: 6 cows
> 415237
Grade: 6 cows
> 315247
Grade: 6 cows
> 135247
Grade: 6 cows
> 531247
Grade: 6 cows
> 351247
Grade: 1 bull and 5cows
> 153247
Grade: 1 bull and 5cows
> 513247
Grade: 6 cows
> 213547
Grade: 6 cows
> 123547
Grade: 6 cows
> 321547
Grade: 6 cows
> 231547
Grade: 6 cows
> 132547
Grade: 1 bull and 5cows
> 312547
Grade: 1 bull and 5cows
> 352147
Grade: 2 bulls and 4cows
> 532147
Grade: 1 bull and 5cows
> 235147
Grade: 6 cows
> 325147
Grade: 6 cows
> 523147
Grade: 6 cows
> 253147
Grade: 1 bull and 5cows
> 251347
Grade: 1 bull and 5cows
> 521347
Grade: 6 cows
> 125347
Grade: 6 cows
> 215347
Grade: 6 cows
> 512347
Grade: 1 bull and 5cows
> 152347
Grade: 2 bulls and 4cows
> 452317
Grade: 3 bulls and 3cows
> 542317
Grade: 2 bulls and 4cows
> 245317
Grade: 1 bull and 5cows
> 425317
Grade: 1 bull and 5cows
> 524317
Grade: 1 bull and 5cows
> 254317
Grade: 2 bulls and 4cows
> 354217
Grade: 2 bulls and 4cows
> 534217
Grade: 1 bull and 5cows
> 435217
Grade: 1 bull and 5cows
> 345217
Grade: 1 bull and 5cows
> 543217
Grade: 1 bull and 5cows
> 453217
Grade: 2 bulls and 4cows
> 423517
Grade: 1 bull and 5cows
> 243517
Grade: 1 bull and 5cows
> 342517
Grade: 2 bulls and 4cows
> 432517
Grade: 2 bulls and 4cows
> 234517
Grade: 1 bull and 5cows
> 324517
Grade: 1 bull and 5cows
> 325417
Grade: 2 bulls and 4cows
> 235417
Grade: 2 bulls and 4cows
> 532417
Grade: 3 bulls and 3cows
> 352417
Grade: 4 bulls and 2cows
> 253417
Grade: 3 bulls and 3cows
> 523417
Grade: 2 bulls and 4cows
> 723415
Grade: 3 bulls and 3cows
> 273415
Grade: 2 bulls and 4cows
> 372415
Grade: 3 bulls and 3cows
> 732415
Grade: 4 bulls and 2cows
> 237415
Grade: 2 bulls and 4cows
> 327415
Grade: 2 bulls and 4cows
> 427315
Grade: 1 bull and 5cows
> 247315
Grade: 1 bull and 5cows
> 742315
Grade: 3 bulls and 3cows
> 472315
Grade: 2 bulls and 4cows
> 274315
Grade: 1 bull and 5cows
> 724315
Grade: 2 bulls and 4cows
> 734215
Grade: 2 bulls and 4cows
> 374215
Grade: 1 bull and 5cows
> 473215
Grade: 1 bull and 5cows
> 743215
Grade: 2 bulls and 4cows
> 347215
Grade: 1 bull and 5cows
> 437215
Grade: 1 bull and 5cows
> 432715
Grade: 2 bulls and 4cows
> 342715
Grade: 2 bulls and 4cows
> 243715
Grade: 1 bull and 5cows
> 423715
Grade: 1 bull and 5cows
> 324715
Grade: 1 bull and 5cows
> 234715
Grade: 1 bull and 5cows
> 134725
Grade: 6 cows
> 314725
Grade: 6 cows
> 413725
Grade: 6 cows
> 143725
Grade: 6 cows
> 341725
Grade: 6 cows
> 431725
Grade: 6 cows
> 731425
Grade: 2 bulls and 4cows
> 371425
Grade: 1 bull and 5cows
> 173425
Grade: 1 bull and 5cows
> 713425
Grade: 2 bulls and 4cows
> 317425
Grade: 1 bull and 5cows
> 137425
Grade: 1 bull and 5cows
> 147325
Grade: 6 cows
> 417325
Grade: 6 cows
> 714325
Grade: 1 bull and 5cows
> 174325
Grade: 6 cows
> 471325
Grade: 6 cows
> 741325
Grade: 1 bull and 5cows
> 743125
Grade: 1 bull and 5cows
> 473125
Grade: 6 cows
> 374125
Grade: 6 cows
> 734125
Grade: 1 bull and 5cows
> 437125
Grade: 6 cows
> 347125
Grade: 6 cows
> 247135
Grade: 6 cows
> 427135
Grade: 6 cows
> 724135
Grade: 1 bull and 5cows
> 274135
Grade: 6 cows
> 472135
Grade: 1 bull and 5cows
> 742135
Grade: 2 bulls and 4cows
> 142735
Grade: 1 bull and 5cows
> 412735
Grade: 1 bull and 5cows
> 214735
Grade: 6 cows
> 124735
Grade: 6 cows
> 421735
Grade: 6 cows
> 241735
Grade: 6 cows
> 271435
Grade: 1 bull and 5cows
> 721435
Grade: 2 bulls and 4cows
> 127435
Grade: 1 bull and 5cows
> 217435
Grade: 1 bull and 5cows
> 712435
Grade: 3 bulls and 3cows
> 172435
Grade: 2 bulls and 4cows
> 174235
Grade: 6 cows
> 714235
Grade: 1 bull and 5cows
> 417235
Grade: 6 cows
> 147235
Grade: 6 cows
> 741235
Grade: 1 bull and 5cows
> 471235
Grade: 6 cows
> 371245
Grade: 6 cows
> 731245
Grade: 1 bull and 5cows
> 137245
Grade: 6 cows
> 317245
Grade: 6 cows
> 713245
Grade: 1 bull and 5cows
> 173245
Grade: 6 cows
> 273145
Grade: 6 cows
> 723145
Grade: 1 bull and 5cows
> 327145
Grade: 6 cows
> 237145
Grade: 6 cows
> 732145
Grade: 2 bulls and 4cows
> 372145
Grade: 1 bull and 5cows
> 312745
Grade: 1 bull and 5cows
> 132745
Grade: 1 bull and 5cows
> 231745
Grade: 6 cows
> 321745
Grade: 6 cows
> 123745
Grade: 6 cows
> 213745
Grade: 6 cows
> 217345
Grade: 6 cows
> 127345
Grade: 6 cows
> 721345
Grade: 1 bull and 5cows
> 271345
Grade: 6 cows
> 172345
Grade: 1 bull and 5cows
> 712345
Grade: 2 bulls and 4cows
> 412375
Grade: 1 bull and 5cows
> 142375
Grade: 1 bull and 5cows
> 241375
Grade: 6 cows
> 421375
Grade: 6 cows
> 124375
Grade: 6 cows
> 214375
Grade: 6 cows
> 314275
Grade: 6 cows
> 134275
Grade: 6 cows
> 431275
Grade: 6 cows
> 341275
Grade: 6 cows
> 143275
Grade: 6 cows
> 413275
Grade: 6 cows
> 423175
Grade: 6 cows
> 243175
Grade: 6 cows
> 342175
Grade: 1 bull and 5cows
> 432175
Grade: 1 bull and 5cows
> 234175
Grade: 6 cows
> 324175
Grade: 6 cows
> 321475
Grade: 1 bull and 5cows
> 231475
Grade: 1 bull and 5cows
> 132475
Grade: 2 bulls and 4cows
> 312475
Grade: 2 bulls and 4cows
> 213475
Grade: 1 bull and 5cows
> 123475
Grade: 1 bull and 5cows
> 153472
Grade: 2 bulls and 4cows
> 513472
Grade: 1 bull and 5cows
> 315472
Grade: 1 bull and 5cows
> 135472
Grade: 1 bull and 5cows
> 531472
Grade: 1 bull and 5cows
> 351472
Grade: 2 bulls and 4cows
> 451372
Grade: 1 bull and 5cows
> 541372
Grade: 6 cows
> 145372
Grade: 6 cows
> 415372
Grade: 6 cows
> 514372
Grade: 6 cows
> 154372
Grade: 1 bull and 5cows
> 134572
Grade: 6 cows
> 314572
Grade: 6 cows
> 413572
Grade: 6 cows
> 143572
Grade: 6 cows
> 341572
Grade: 6 cows
> 431572
Grade: 6 cows
> 435172
Grade: 6 cows
> 345172
Grade: 6 cows
> 543172
Grade: 6 cows
> 453172
Grade: 1 bull and 5cows
> 354172
Grade: 1 bull and 5cows
> 534172
Grade: 6 cows
> 734152
Grade: 1 bull and 5cows
> 374152
Grade: 6 cows
> 473152
Grade: 6 cows
> 743152
Grade: 1 bull and 5cows
> 347152
Grade: 6 cows
> 437152
Grade: 6 cows
> 137452
Grade: 1 bull and 5cows
> 317452
Grade: 1 bull and 5cows
> 713452
Grade: 2 bulls and 4cows
> 173452
Grade: 1 bull and 5cows
> 371452
Grade: 1 bull and 5cows
> 731452
Grade: 2 bulls and 4cows
> 741352
Grade: 1 bull and 5cows
> 471352
Grade: 6 cows
> 174352
Grade: 6 cows
> 714352
Grade: 1 bull and 5cows
> 417352
Grade: 6 cows
> 147352
Grade: 6 cows
> 143752
Grade: 6 cows
> 413752
Grade: 6 cows
> 314752
Grade: 6 cows
> 134752
Grade: 6 cows
> 431752
Grade: 6 cows
> 341752
Grade: 6 cows
> 541732
Grade: 6 cows
> 451732
Grade: 1 bull and 5cows
> 154732
Grade: 1 bull and 5cows
> 514732
Grade: 6 cows
> 415732
Grade: 6 cows
> 145732
Grade: 6 cows
> 745132
Grade: 1 bull and 5cows
> 475132
Grade: 6 cows
> 574132
Grade: 6 cows
> 754132
Grade: 2 bulls and 4cows
> 457132
Grade: 1 bull and 5cows
> 547132
Grade: 6 cows
> 517432
Grade: 1 bull and 5cows
> 157432
Grade: 2 bulls and 4cows
> 751432
Grade: 3 bulls and 3cows
> 571432
Grade: 1 bull and 5cows
> 175432
Grade: 1 bull and 5cows
> 715432
Grade: 2 bulls and 4cows
> 714532
Grade: 1 bull and 5cows
> 174532
Grade: 6 cows
> 471532
Grade: 6 cows
> 741532
Grade: 1 bull and 5cows
> 147532
Grade: 6 cows
> 417532
Grade: 6 cows
> 317542
Grade: 6 cows
> 137542
Grade: 6 cows
> 731542
Grade: 1 bull and 5cows
> 371542
Grade: 6 cows
> 173542
Grade: 6 cows
> 713542
Grade: 1 bull and 5cows
> 513742
Grade: 6 cows
> 153742
Grade: 1 bull and 5cows
> 351742
Grade: 1 bull and 5cows
> 531742
Grade: 6 cows
> 135742
Grade: 6 cows
> 315742
Grade: 6 cows
> 375142
Grade: 6 cows
> 735142
Grade: 1 bull and 5cows
> 537142
Grade: 6 cows
> 357142
Grade: 1 bull and 5cows
> 753142
Grade: 2 bulls and 4cows
> 573142
Grade: 6 cows
> 571342
Grade: 6 cows
> 751342
Grade: 2 bulls and 4cows
> 157342
Grade: 1 bull and 5cows
> 517342
Grade: 6 cows
> 715342
Grade: 1 bull and 5cows
> 175342
Grade: 6 cows
> 475312
Grade: 1 bull and 5cows
> 745312
Grade: 2 bulls and 4cows
> 547312
Grade: 1 bull and 5cows
> 457312
Grade: 2 bulls and 4cows
> 754312
Grade: 3 bulls and 3cows
> 574312
Grade: 1 bull and 5cows
> 374512
Grade: 1 bull and 5cows
> 734512
Grade: 2 bulls and 4cows
> 437512
Grade: 1 bull and 5cows
> 347512
Grade: 1 bull and 5cows
> 743512
Grade: 2 bulls and 4cows
> 473512
Grade: 1 bull and 5cows
> 453712
Grade: 2 bulls and 4cows
> 543712
Grade: 1 bull and 5cows
> 345712
Grade: 1 bull and 5cows
> 435712
Grade: 1 bull and 5cows
> 534712
Grade: 1 bull and 5cows
> 354712
Grade: 2 bulls and 4cows
> 357412
Grade: 3 bulls and 3cows
> 537412
Grade: 2 bulls and 4cows
> 735412
Grade: 3 bulls and 3cows
> 375412
Grade: 2 bulls and 4cows
> 573412
Grade: 2 bulls and 4cows
> 753412
Grade: 4 bulls and 2cows
> 752413
Congratulations! You guessed the secret code.
Grade: 6 bulls
?[1;31m
Start test 4?[0m
Input the length of the secret code:
> 11
Input the number of possible symbols in the code:
> 10
Error: It is not possible to generate a code with a length of 11 with 10 unique symbols.
?[1;31m
Start test 5?[0m
Input the length of the secret code:
> 4
Input the number of possible symbols in the code:
> 16
The secret code is prepared: **** (0-9, a-f).
Okay, let's start a game!
> 0000
Grade: 1 bull and 3cows
> 1111
Grade: None
> 2222
Grade: None
> 3333
Grade: None
> 4444
Grade: None
> 5555
Grade: None
> 6666
Grade: None
> 7777
Grade: None
> 8888
Grade: None
> 9999
Grade: None
> aaaa
Grade: 1 bull and 3cows
> bbbb
Grade: None
> cccc
Grade: 1 bull and 3cows
> dddd
Grade: 1 bull and 3cows
> 0acd
Grade: 2 bulls and 2cows
> a0cd
Grade: 1 bull and 3cows
> c0ad
Grade: 2 bulls and 2cows
> 0cad
Grade: 1 bull and 3cows
> ac0d
Grade: 2 bulls and 2cows
> ca0d
Congratulations! You guessed the secret code.
Grade: 4 bulls
?[1;31m
Start test 6?[0m
Input the length of the secret code:
> 6
Input the number of possible symbols in the code:
> 36
The secret code is prepared: ****** (0-9, a-z).
Okay, let's start a game!
> 000000
Grade: 1 bull and 5cows
> 111111
Grade: None
> 222222
Grade: None
> 333333
Grade: None
> 444444
Grade: None
> 555555
Grade: None
> 666666
Grade: None
> 777777
Grade: None
> 888888
Grade: None
> 999999
Grade: None
> aaaaaa
Grade: None
> bbbbbb
Grade: None
> cccccc
Grade: None
> dddddd
Grade: 1 bull and 5cows
> eeeeee
Grade: None
> ffffff
Grade: None
> gggggg
Grade: None
> hhhhhh
Grade: 1 bull and 5cows
> iiiiii
Grade: None
> jjjjjj
Grade: None
> kkkkkk
Grade: None
> llllll
Grade: None
> mmmmmm
Grade: 1 bull and 5cows
> nnnnnn
Grade: None
> oooooo
Grade: None
> pppppp
Grade: 1 bull and 5cows
> qqqqqq
Grade: None
> rrrrrr
Grade: None
> ssssss
Grade: None
> tttttt
Grade: 1 bull and 5cows
> 0dhmpt
Grade: 6 cows
> d0hmpt
Grade: 1 bull and 5cows
> h0dmpt
Grade: 6 cows
> 0hdmpt
Grade: 1 bull and 5cows
> dh0mpt
Grade: 2 bulls and 4cows
> hd0mpt
Grade: 6 cows
> md0hpt
Grade: 6 cows
> dm0hpt
Grade: 1 bull and 5cows
> 0mdhpt
Grade: 6 cows
> m0dhpt
Grade: 6 cows
> d0mhpt
Grade: 1 bull and 5cows
> 0dmhpt
Grade: 6 cows
> 0hmdpt
Grade: 1 bull and 5cows
> h0mdpt
Grade: 6 cows
> m0hdpt
Grade: 6 cows
> 0mhdpt
Grade: 6 cows
> hm0dpt
Grade: 6 cows
> mh0dpt
Grade: 1 bull and 5cows
> mhd0pt
Grade: 1 bull and 5cows
> hmd0pt
Grade: 6 cows
> dmh0pt
Grade: 1 bull and 5cows
> mdh0pt
Grade: 6 cows
> hdm0pt
Grade: 6 cows
> dhm0pt
Grade: 2 bulls and 4cows
> phm0dt
Grade: 1 bull and 5cows
> hpm0dt
Grade: 6 cows
> mph0dt
Grade: 6 cows
> pmh0dt
Grade: 6 cows
> hmp0dt
Grade: 1 bull and 5cows
> mhp0dt
Grade: 2 bulls and 4cows
> 0hpmdt
Grade: 2 bulls and 4cows
> h0pmdt
Grade: 1 bull and 5cows
> p0hmdt
Grade: 6 cows
> 0phmdt
Grade: 6 cows
> hp0mdt
Grade: 6 cows
> ph0mdt
Grade: 1 bull and 5cows
> pm0hdt
Grade: 6 cows
> mp0hdt
Grade: 6 cows
> 0pmhdt
Grade: 6 cows
> p0mhdt
Grade: 6 cows
> m0phdt
Grade: 1 bull and 5cows
> 0mphdt
Grade: 1 bull and 5cows
> 0mhpdt
Grade: 6 cows
> m0hpdt
Grade: 6 cows
> h0mpdt
Grade: 6 cows
> 0hmpdt
Grade: 1 bull and 5cows
> mh0pdt
Grade: 1 bull and 5cows
> hm0pdt
Grade: 6 cows
> dm0pht
Grade: 1 bull and 5cows
> md0pht
Grade: 6 cows
> 0dmpht
Grade: 6 cows
> d0mpht
Grade: 1 bull and 5cows
> m0dpht
Grade: 6 cows
> 0mdpht
Grade: 6 cows
> pmd0ht
Grade: 6 cows
> mpd0ht
Grade: 6 cows
> dpm0ht
Grade: 1 bull and 5cows
> pdm0ht
Grade: 6 cows
> mdp0ht
Grade: 1 bull and 5cows
> dmp0ht
Grade: 2 bulls and 4cows
> d0pmht
Grade: 2 bulls and 4cows
> 0dpmht
Grade: 1 bull and 5cows
> pd0mht
Grade: 6 cows
> dp0mht
Grade: 1 bull and 5cows
> 0pdmht
Grade: 6 cows
> p0dmht
Grade: 6 cows
> p0mdht
Grade: 6 cows
> 0pmdht
Grade: 6 cows
> mp0dht
Grade: 6 cows
> pm0dht
Grade: 6 cows
> 0mpdht
Grade: 1 bull and 5cows
> m0pdht
Grade: 1 bull and 5cows
> h0pdmt
Grade: 2 bulls and 4cows
> 0hpdmt
Grade: 3 bulls and 3cows
> ph0dmt
Grade: 2 bulls and 4cows
> hp0dmt
Grade: 1 bull and 5cows
> 0phdmt
Grade: 1 bull and 5cows
> p0hdmt
Grade: 1 bull and 5cows
> d0hpmt
Grade: 2 bulls and 4cows
> 0dhpmt
Grade: 1 bull and 5cows
> hd0pmt
Grade: 1 bull and 5cows
> dh0pmt
Grade: 3 bulls and 3cows
> 0hdpmt
Grade: 2 bulls and 4cows
> h0dpmt
Grade: 1 bull and 5cows
> hpd0mt
Grade: 1 bull and 5cows
> phd0mt
Grade: 2 bulls and 4cows
> dhp0mt
Grade: 4 bulls and 2cows
> hdp0mt
Grade: 2 bulls and 4cows
> pdh0mt
Grade: 1 bull and 5cows
> dph0mt
Grade: 2 bulls and 4cows
> dp0hmt
Grade: 2 bulls and 4cows
> pd0hmt
Grade: 1 bull and 5cows
> 0dphmt
Grade: 2 bulls and 4cows
> d0phmt
Grade: 3 bulls and 3cows
> p0dhmt
Grade: 1 bull and 5cows
> 0pdhmt
Grade: 1 bull and 5cows
> mpdh0t
Grade: 6 cows
> pmdh0t
Grade: 6 cows
> dmph0t
Grade: 2 bulls and 4cows
> mdph0t
Grade: 1 bull and 5cows
> pdmh0t
Grade: 6 cows
> dpmh0t
Grade: 1 bull and 5cows
> hpmd0t
Grade: 6 cows
> phmd0t
Grade: 1 bull and 5cows
> mhpd0t
Grade: 2 bulls and 4cows
> hmpd0t
Grade: 1 bull and 5cows
> pmhd0t
Grade: 6 cows
> mphd0t
Grade: 6 cows
> mdhp0t
Grade: 6 cows
> dmhp0t
Grade: 1 bull and 5cows
> hmdp0t
Grade: 6 cows
> mhdp0t
Grade: 1 bull and 5cows
> dhmp0t
Grade: 2 bulls and 4cows
> hdmp0t
Grade: 6 cows
> hdpm0t
Grade: 1 bull and 5cows
> dhpm0t
Grade: 3 bulls and 3cows
> phdm0t
Grade: 1 bull and 5cows
> hpdm0t
Grade: 6 cows
> dphm0t
Grade: 1 bull and 5cows
> pdhm0t
Grade: 6 cows
> tdhm0p
Grade: 6 cows
> dthm0p
Grade: 1 bull and 5cows
> htdm0p
Grade: 6 cows
> thdm0p
Grade: 1 bull and 5cows
> dhtm0p
Grade: 2 bulls and 4cows
> hdtm0p
Grade: 6 cows
> mdth0p
Grade: 6 cows
> dmth0p
Grade: 1 bull and 5cows
> tmdh0p
Grade: 6 cows
> mtdh0p
Grade: 6 cows
> dtmh0p
Grade: 1 bull and 5cows
> tdmh0p
Grade: 6 cows
> thmd0p
Grade: 1 bull and 5cows
> htmd0p
Grade: 6 cows
> mthd0p
Grade: 6 cows
> tmhd0p
Grade: 6 cows
> hmtd0p
Grade: 6 cows
> mhtd0p
Grade: 1 bull and 5cows
> mhdt0p
Grade: 2 bulls and 4cows
> hmdt0p
Grade: 1 bull and 5cows
> dmht0p
Grade: 2 bulls and 4cows
> mdht0p
Grade: 1 bull and 5cows
> hdmt0p
Grade: 1 bull and 5cows
> dhmt0p
Grade: 3 bulls and 3cows
> 0hmtdp
Grade: 2 bulls and 4cows
> h0mtdp
Grade: 1 bull and 5cows
> m0htdp
Grade: 1 bull and 5cows
> 0mhtdp
Grade: 1 bull and 5cows
> hm0tdp
Grade: 1 bull and 5cows
> mh0tdp
Grade: 2 bulls and 4cows
> th0mdp
Grade: 1 bull and 5cows
> ht0mdp
Grade: 6 cows
> 0thmdp
Grade: 6 cows
> t0hmdp
Grade: 6 cows
> h0tmdp
Grade: 6 cows
> 0htmdp
Grade: 1 bull and 5cows
> 0mthdp
Grade: 6 cows
> m0thdp
Grade: 6 cows
> t0mhdp
Grade: 6 cows
> 0tmhdp
Grade: 6 cows
> mt0hdp
Grade: 6 cows
> tm0hdp
Grade: 6 cows
> tmh0dp
Grade: 6 cows
> mth0dp
Grade: 6 cows
> htm0dp
Grade: 6 cows
> thm0dp
Grade: 1 bull and 5cows
> mht0dp
Grade: 1 bull and 5cows
> hmt0dp
Grade: 6 cows
> dmt0hp
Grade: 1 bull and 5cows
> mdt0hp
Grade: 6 cows
> tdm0hp
Grade: 6 cows
> dtm0hp
Grade: 1 bull and 5cows
> mtd0hp
Grade: 6 cows
> tmd0hp
Grade: 6 cows
> 0mdthp
Grade: 1 bull and 5cows
> m0dthp
Grade: 1 bull and 5cows
> d0mthp
Grade: 2 bulls and 4cows
> 0dmthp
Grade: 1 bull and 5cows
> md0thp
Grade: 1 bull and 5cows
> dm0thp
Grade: 2 bulls and 4cows
> dt0mhp
Grade: 1 bull and 5cows
> td0mhp
Grade: 6 cows
> 0dtmhp
Grade: 6 cows
> d0tmhp
Grade: 1 bull and 5cows
> t0dmhp
Grade: 6 cows
> 0tdmhp
Grade: 6 cows
> 0tmdhp
Grade: 6 cows
> t0mdhp
Grade: 6 cows
> m0tdhp
Grade: 6 cows
> 0mtdhp
Grade: 6 cows
> tm0dhp
Grade: 6 cows
> mt0dhp
Grade: 6 cows
> ht0dmp
Grade: 1 bull and 5cows
> th0dmp
Grade: 2 bulls and 4cows
> 0htdmp
Grade: 2 bulls and 4cows
> h0tdmp
Grade: 1 bull and 5cows
> t0hdmp
Grade: 1 bull and 5cows
> 0thdmp
Grade: 1 bull and 5cows
> dth0mp
Grade: 2 bulls and 4cows
> tdh0mp
Grade: 1 bull and 5cows
> hdt0mp
Grade: 1 bull and 5cows
> dht0mp
Grade: 3 bulls and 3cows
> thd0mp
Grade: 2 bulls and 4cows
> htd0mp
Grade: 1 bull and 5cows
> h0dtmp
Grade: 2 bulls and 4cows
> 0hdtmp
Grade: 3 bulls and 3cows
> dh0tmp
Grade: 4 bulls and 2cows
> hd0tmp
Grade: 2 bulls and 4cows
> 0dhtmp
Grade: 2 bulls and 4cows
> d0htmp
Grade: 3 bulls and 3cows
> d0thmp
Grade: 2 bulls and 4cows
> 0dthmp
Grade: 1 bull and 5cows
> td0hmp
Grade: 1 bull and 5cows
> dt0hmp
Grade: 2 bulls and 4cows
> 0tdhmp
Grade: 1 bull and 5cows
> t0dhmp
Grade: 1 bull and 5cows
> m0dhtp
Grade: 6 cows
> 0mdhtp
Grade: 6 cows
> dm0htp
Grade: 1 bull and 5cows
> md0htp
Grade: 6 cows
> 0dmhtp
Grade: 6 cows
> d0mhtp
Grade: 1 bull and 5cows
> h0mdtp
Grade: 6 cows
> 0hmdtp
Grade: 1 bull and 5cows
> mh0dtp
Grade: 1 bull and 5cows
> hm0dtp
Grade: 6 cows
> 0mhdtp
Grade: 6 cows
> m0hdtp
Grade: 6 cows
> mdh0tp
Grade: 6 cows
> dmh0tp
Grade: 1 bull and 5cows
> hmd0tp
Grade: 6 cows
> mhd0tp
Grade: 1 bull and 5cows
> dhm0tp
Grade: 2 bulls and 4cows
> hdm0tp
Grade: 6 cows
> hd0mtp
Grade: 6 cows
> dh0mtp
Grade: 2 bulls and 4cows
> 0hdmtp
Grade: 1 bull and 5cows
> h0dmtp
Grade: 6 cows
> d0hmtp
Grade: 1 bull and 5cows
> 0dhmtp
Grade: 6 cows
> 0phmtd
Grade: 6 cows
> p0hmtd
Grade: 6 cows
> h0pmtd
Grade: 1 bull and 5cows
> 0hpmtd
Grade: 2 bulls and 4cows
> ph0mtd
Grade: 1 bull and 5cows
> hp0mtd
Grade: 6 cows
> mp0htd
Grade: 6 cows
> pm0htd
Grade: 6 cows
> 0mphtd
Grade: 1 bull and 5cows
> m0phtd
Grade: 1 bull and 5cows
> p0mhtd
Grade: 6 cows
> 0pmhtd
Grade: 6 cows
> 0hmptd
Grade: 1 bull and 5cows
> h0mptd
Grade: 6 cows
> m0hptd
Grade: 6 cows
> 0mhptd
Grade: 6 cows
> hm0ptd
Grade: 6 cows
> mh0ptd
Grade: 1 bull and 5cows
> mhp0td
Grade: 2 bulls and 4cows
> hmp0td
Grade: 1 bull and 5cows
> pmh0td
Grade: 6 cows
> mph0td
Grade: 6 cows
> hpm0td
Grade: 6 cows
> phm0td
Grade: 1 bull and 5cows
> thm0pd
Grade: 1 bull and 5cows
> htm0pd
Grade: 6 cows
> mth0pd
Grade: 6 cows
> tmh0pd
Grade: 6 cows
> hmt0pd
Grade: 6 cows
> mht0pd
Grade: 1 bull and 5cows
> 0htmpd
Grade: 1 bull and 5cows
> h0tmpd
Grade: 6 cows
> t0hmpd
Grade: 6 cows
> 0thmpd
Grade: 6 cows
> ht0mpd
Grade: 6 cows
> th0mpd
Grade: 1 bull and 5cows
> tm0hpd
Grade: 6 cows
> mt0hpd
Grade: 6 cows
> 0tmhpd
Grade: 6 cows
> t0mhpd
Grade: 6 cows
> m0thpd
Grade: 6 cows
> 0mthpd
Grade: 6 cows
> 0mhtpd
Grade: 1 bull and 5cows
> m0htpd
Grade: 1 bull and 5cows
> h0mtpd
Grade: 1 bull and 5cows
> 0hmtpd
Grade: 2 bulls and 4cows
> mh0tpd
Grade: 2 bulls and 4cows
> hm0tpd
Grade: 1 bull and 5cows
> pm0thd
Grade: 1 bull and 5cows
> mp0thd
Grade: 1 bull and 5cows
> 0pmthd
Grade: 1 bull and 5cows
> p0mthd
Grade: 1 bull and 5cows
> m0pthd
Grade: 2 bulls and 4cows
> 0mpthd
Grade: 2 bulls and 4cows
> tmp0hd
Grade: 1 bull and 5cows
> mtp0hd
Grade: 1 bull and 5cows
> ptm0hd
Grade: 6 cows
> tpm0hd
Grade: 6 cows
> mpt0hd
Grade: 6 cows
> pmt0hd
Grade: 6 cows
> p0tmhd
Grade: 6 cows
> 0ptmhd
Grade: 6 cows
> tp0mhd
Grade: 6 cows
> pt0mhd
Grade: 6 cows
> 0tpmhd
Grade: 1 bull and 5cows
> t0pmhd
Grade: 1 bull and 5cows
> t0mphd
Grade: 6 cows
> 0tmphd
Grade: 6 cows
> mt0phd
Grade: 6 cows
> tm0phd
Grade: 6 cows
> 0mtphd
Grade: 6 cows
> m0tphd
Grade: 6 cows
> h0tpmd
Grade: 1 bull and 5cows
> 0htpmd
Grade: 2 bulls and 4cows
> th0pmd
Grade: 2 bulls and 4cows
> ht0pmd
Grade: 1 bull and 5cows
> 0thpmd
Grade: 1 bull and 5cows
> t0hpmd
Grade: 1 bull and 5cows
> p0htmd
Grade: 2 bulls and 4cows
> 0phtmd
Grade: 2 bulls and 4cows
> hp0tmd
Grade: 2 bulls and 4cows
> ph0tmd
Grade: 3 bulls and 3cows
> 0hptmd
Grade: 4 bulls and 2cows
> h0ptmd
Grade: 3 bulls and 3cows
> htp0md
Grade: 2 bulls and 4cows
> thp0md
Grade: 3 bulls and 3cows
> pht0md
Grade: 2 bulls and 4cows
> hpt0md
Grade: 1 bull and 5cows
> tph0md
Grade: 1 bull and 5cows
> pth0md
Grade: 1 bull and 5cows
> pt0hmd
Grade: 1 bull and 5cows
> tp0hmd
Grade: 1 bull and 5cows
> 0pthmd
Grade: 1 bull and 5cows
> p0thmd
Grade: 1 bull and 5cows
> t0phmd
Grade: 2 bulls and 4cows
> 0tphmd
Grade: 2 bulls and 4cows
> mtph0d
Grade: 1 bull and 5cows
> tmph0d
Grade: 1 bull and 5cows
> pmth0d
Grade: 6 cows
> mpth0d
Grade: 6 cows
> tpmh0d
Grade: 6 cows
> ptmh0d
Grade: 6 cows
> htmp0d
Grade: 6 cows
> thmp0d
Grade: 1 bull and 5cows
> mhtp0d
Grade: 1 bull and 5cows
> hmtp0d
Grade: 6 cows
> tmhp0d
Grade: 6 cows
> mthp0d
Grade: 6 cows
> mpht0d
Grade: 1 bull and 5cows
> pmht0d
Grade: 1 bull and 5cows
> hmpt0d
Grade: 2 bulls and 4cows
> mhpt0d
Grade: 3 bulls and 3cows
> phmt0d
Grade: 2 bulls and 4cows
> hpmt0d
Grade: 1 bull and 5cows
> hptm0d
Grade: 6 cows
> phtm0d
Grade: 1 bull and 5cows
> thpm0d
Grade: 2 bulls and 4cows
> htpm0d
Grade: 1 bull and 5cows
> pthm0d
Grade: 6 cows
> tphm0d
Grade: 6 cows
> tpdm0h
Grade: 6 cows
> ptdm0h
Grade: 6 cows
> dtpm0h
Grade: 2 bulls and 4cows
> tdpm0h
Grade: 1 bull and 5cows
> pdtm0h
Grade: 6 cows
> dptm0h
Grade: 1 bull and 5cows
> mptd0h
Grade: 6 cows
> pmtd0h
Grade: 6 cows
> tmpd0h
Grade: 1 bull and 5cows
> mtpd0h
Grade: 1 bull and 5cows
> ptmd0h
Grade: 6 cows
> tpmd0h
Grade: 6 cows
> tdmp0h
Grade: 6 cows
> dtmp0h
Grade: 1 bull and 5cows
> mtdp0h
Grade: 6 cows
> tmdp0h
Grade: 6 cows
> dmtp0h
Grade: 1 bull and 5cows
> mdtp0h
Grade: 6 cows
> mdpt0h
Grade: 2 bulls and 4cows
> dmpt0h
Grade: 3 bulls and 3cows
> pmdt0h
Grade: 1 bull and 5cows
> mpdt0h
Grade: 1 bull and 5cows
> dpmt0h
Grade: 2 bulls and 4cows
> pdmt0h
Grade: 1 bull and 5cows
> 0dmtph
Grade: 1 bull and 5cows
> d0mtph
Grade: 2 bulls and 4cows
> m0dtph
Grade: 1 bull and 5cows
> 0mdtph
Grade: 1 bull and 5cows
> dm0tph
Grade: 2 bulls and 4cows
> md0tph
Grade: 1 bull and 5cows
> td0mph
Grade: 6 cows
> dt0mph
Grade: 1 bull and 5cows
> 0tdmph
Grade: 6 cows
> t0dmph
Grade: 6 cows
> d0tmph
Grade: 1 bull and 5cows
> 0dtmph
Grade: 6 cows
> 0mtdph
Grade: 6 cows
> m0tdph
Grade: 6 cows
> t0mdph
Grade: 6 cows
> 0tmdph
Grade: 6 cows
> mt0dph
Grade: 6 cows
> tm0dph
Grade: 6 cows
> tmd0ph
Grade: 6 cows
> mtd0ph
Grade: 6 cows
> dtm0ph
Grade: 1 bull and 5cows
> tdm0ph
Grade: 6 cows
> mdt0ph
Grade: 6 cows
> dmt0ph
Grade: 1 bull and 5cows
> pmt0dh
Grade: 6 cows
> mpt0dh
Grade: 6 cows
> tpm0dh
Grade: 6 cows
> ptm0dh
Grade: 6 cows
> mtp0dh
Grade: 1 bull and 5cows
> tmp0dh
Grade: 1 bull and 5cows
> 0mptdh
Grade: 2 bulls and 4cows
> m0ptdh
Grade: 2 bulls and 4cows
> p0mtdh
Grade: 1 bull and 5cows
> 0pmtdh
Grade: 1 bull and 5cows
> mp0tdh
Grade: 1 bull and 5cows
> pm0tdh
Grade: 1 bull and 5cows
> pt0mdh
Grade: 6 cows
> tp0mdh
Grade: 6 cows
> 0ptmdh
Grade: 6 cows
> p0tmdh
Grade: 6 cows
> t0pmdh
Grade: 1 bull and 5cows
> 0tpmdh
Grade: 1 bull and 5cows
> 0tmpdh
Grade: 6 cows
> t0mpdh
Grade: 6 cows
> m0tpdh
Grade: 6 cows
> 0mtpdh
Grade: 6 cows
> tm0pdh
Grade: 6 cows
> mt0pdh
Grade: 6 cows
> dt0pmh
Grade: 2 bulls and 4cows
> td0pmh
Grade: 1 bull and 5cows
> 0dtpmh
Grade: 1 bull and 5cows
> d0tpmh
Grade: 2 bulls and 4cows
> t0dpmh
Grade: 1 bull and 5cows
> 0tdpmh
Grade: 1 bull and 5cows
> ptd0mh
Grade: 1 bull and 5cows
> tpd0mh
Grade: 1 bull and 5cows
> dpt0mh
Grade: 2 bulls and 4cows
> pdt0mh
Grade: 1 bull and 5cows
> tdp0mh
Grade: 2 bulls and 4cows
> dtp0mh
Grade: 3 bulls and 3cows
> d0ptmh
Grade: 4 bulls and 2cows
> 0dptmh
Grade: 3 bulls and 3cows
> pd0tmh
Grade: 2 bulls and 4cows
> dp0tmh
Grade: 3 bulls and 3cows
> 0pdtmh
Grade: 2 bulls and 4cows
> p0dtmh
Grade: 2 bulls and 4cows
> p0tdmh
Grade: 1 bull and 5cows
> 0ptdmh
Grade: 1 bull and 5cows
> tp0dmh
Grade: 1 bull and 5cows
> pt0dmh
Grade: 1 bull and 5cows
> 0tpdmh
Grade: 2 bulls and 4cows
> t0pdmh
Grade: 2 bulls and 4cows
> m0pdth
Grade: 1 bull and 5cows
> 0mpdth
Grade: 1 bull and 5cows
> pm0dth
Grade: 6 cows
> mp0dth
Grade: 6 cows
> 0pmdth
Grade: 6 cows
> p0mdth
Grade: 6 cows
> d0mpth
Grade: 1 bull and 5cows
> 0dmpth
Grade: 6 cows
> md0pth
Grade: 6 cows
> dm0pth
Grade: 1 bull and 5cows
> 0mdpth
Grade: 6 cows
> m0dpth
Grade: 6 cows
> mpd0th
Grade: 6 cows
> pmd0th
Grade: 6 cows
> dmp0th
Grade: 2 bulls and 4cows
> mdp0th
Grade: 1 bull and 5cows
> pdm0th
Grade: 6 cows
> dpm0th
Grade: 1 bull and 5cows
> dp0mth
Grade: 1 bull and 5cows
> pd0mth
Grade: 6 cows
> 0dpmth
Grade: 1 bull and 5cows
> d0pmth
Grade: 2 bulls and 4cows
> p0dmth
Grade: 6 cows
> 0pdmth
Grade: 6 cows
> 0pdhtm
Grade: 6 cows
> p0dhtm
Grade: 6 cows
> d0phtm
Grade: 2 bulls and 4cows
> 0dphtm
Grade: 1 bull and 5cows
> pd0htm
Grade: 6 cows
> dp0htm
Grade: 1 bull and 5cows
> hp0dtm
Grade: 6 cows
> ph0dtm
Grade: 1 bull and 5cows
> 0hpdtm
Grade: 2 bulls and 4cows
> h0pdtm
Grade: 1 bull and 5cows
> p0hdtm
Grade: 6 cows
> 0phdtm
Grade: 6 cows
> 0dhptm
Grade: 6 cows
> d0hptm
Grade: 1 bull and 5cows
> h0dptm
Grade: 6 cows
> 0hdptm
Grade: 1 bull and 5cows
> dh0ptm
Grade: 2 bulls and 4cows
> hd0ptm
Grade: 6 cows
> hdp0tm
Grade: 1 bull and 5cows
> dhp0tm
Grade: 3 bulls and 3cows
> phd0tm
Grade: 1 bull and 5cows
> hpd0tm
Grade: 6 cows
> dph0tm
Grade: 1 bull and 5cows
> pdh0tm
Grade: 6 cows
> tdh0pm
Grade: 6 cows
> dth0pm
Grade: 1 bull and 5cows
> htd0pm
Grade: 6 cows
> thd0pm
Grade: 1 bull and 5cows
> dht0pm
Grade: 2 bulls and 4cows
> hdt0pm
Grade: 6 cows
> 0dthpm
Grade: 6 cows
> d0thpm
Grade: 1 bull and 5cows
> t0dhpm
Grade: 6 cows
> 0tdhpm
Grade: 6 cows
> dt0hpm
Grade: 1 bull and 5cows
> td0hpm
Grade: 6 cows
> th0dpm
Grade: 1 bull and 5cows
> ht0dpm
Grade: 6 cows
> 0thdpm
Grade: 6 cows
> t0hdpm
Grade: 6 cows
> h0tdpm
Grade: 6 cows
> 0htdpm
Grade: 1 bull and 5cows
> 0hdtpm
Grade: 2 bulls and 4cows
> h0dtpm
Grade: 1 bull and 5cows
> d0htpm
Grade: 2 bulls and 4cows
> 0dhtpm
Grade: 1 bull and 5cows
> hd0tpm
Grade: 1 bull and 5cows
> dh0tpm
Grade: 3 bulls and 3cows
> ph0tdm
Grade: 2 bulls and 4cows
> hp0tdm
Grade: 1 bull and 5cows
> 0phtdm
Grade: 1 bull and 5cows
> p0htdm
Grade: 1 bull and 5cows
> h0ptdm
Grade: 2 bulls and 4cows
> 0hptdm
Grade: 3 bulls and 3cows
> thp0dm
Grade: 2 bulls and 4cows
> htp0dm
Grade: 1 bull and 5cows
> pth0dm
Grade: 6 cows
> tph0dm
Grade: 6 cows
> hpt0dm
Grade: 6 cows
> pht0dm
Grade: 1 bull and 5cows
> p0thdm
Grade: 6 cows
> 0pthdm
Grade: 6 cows
> tp0hdm
Grade: 6 cows
> pt0hdm
Grade: 6 cows
> 0tphdm
Grade: 1 bull and 5cows
> t0phdm
Grade: 1 bull and 5cows
> t0hpdm
Grade: 6 cows
> 0thpdm
Grade: 6 cows
> ht0pdm
Grade: 6 cows
> th0pdm
Grade: 1 bull and 5cows
> 0htpdm
Grade: 1 bull and 5cows
> h0tpdm
Grade: 6 cows
> d0tphm
Grade: 1 bull and 5cows
> 0dtphm
Grade: 6 cows
> td0phm
Grade: 6 cows
> dt0phm
Grade: 1 bull and 5cows
> 0tdphm
Grade: 6 cows
> t0dphm
Grade: 6 cows
> p0dthm
Grade: 1 bull and 5cows
> 0pdthm
Grade: 1 bull and 5cows
> dp0thm
Grade: 2 bulls and 4cows
> pd0thm
Grade: 1 bull and 5cows
> 0dpthm
Grade: 2 bulls and 4cows
> d0pthm
Grade: 3 bulls and 3cows
> dtp0hm
Grade: 2 bulls and 4cows
> tdp0hm
Grade: 1 bull and 5cows
> pdt0hm
Grade: 6 cows
> dpt0hm
Grade: 1 bull and 5cows
> tpd0hm
Grade: 6 cows
> ptd0hm
Grade: 6 cows
> pt0dhm
Grade: 6 cows
> tp0dhm
Grade: 6 cows
> 0ptdhm
Grade: 6 cows
> p0tdhm
Grade: 6 cows
> t0pdhm
Grade: 1 bull and 5cows
> 0tpdhm
Grade: 1 bull and 5cows
> htpd0m
Grade: 1 bull and 5cows
> thpd0m
Grade: 2 bulls and 4cows
> phtd0m
Grade: 1 bull and 5cows
> hptd0m
Grade: 6 cows
> tphd0m
Grade: 6 cows
> pthd0m
Grade: 6 cows
> dthp0m
Grade: 1 bull and 5cows
> tdhp0m
Grade: 6 cows
> hdtp0m
Grade: 6 cows
> dhtp0m
Grade: 2 bulls and 4cows
> thdp0m
Grade: 1 bull and 5cows
> htdp0m
Grade: 6 cows
> hpdt0m
Grade: 1 bull and 5cows
> phdt0m
Grade: 2 bulls and 4cows
> dhpt0m
Grade: 4 bulls and 2cows
> hdpt0m
Grade: 2 bulls and 4cows
> pdht0m
Grade: 1 bull and 5cows
> dpht0m
Grade: 2 bulls and 4cows
> dpth0m
Grade: 1 bull and 5cows
> pdth0m
Grade: 6 cows
> tdph0m
Grade: 1 bull and 5cows
> dtph0m
Grade: 2 bulls and 4cows
> ptdh0m
Grade: 6 cows
> tpdh0m
Grade: 6 cows
> tpdhm0
Grade: 2 bulls and 4cows
> ptdhm0
Grade: 2 bulls and 4cows
> dtphm0
Grade: 4 bulls and 2cows
> tdphm0
Grade: 3 bulls and 3cows
> pdthm0
Grade: 2 bulls and 4cows
> dpthm0
Grade: 3 bulls and 3cows
> hptdm0
Grade: 2 bulls and 4cows
> phtdm0
Grade: 3 bulls and 3cows
> thpdm0
Grade: 4 bulls and 2cows
> htpdm0
Grade: 3 bulls and 3cows
> pthdm0
Grade: 2 bulls and 4cows
> tphdm0
Grade: 2 bulls and 4cows
> tdhpm0
Grade: 2 bulls and 4cows
> dthpm0
Grade: 3 bulls and 3cows
> htdpm0
Grade: 2 bulls and 4cows
> thdpm0
Grade: 3 bulls and 3cows
> dhtpm0
Grade: 4 bulls and 2cows
> hdtpm0
Grade: 2 bulls and 4cows
> hdptm0
Grade: 4 bulls and 2cows
> dhptm0
Congratulations! You guessed the secret code.
Grade: 6 bulls
?[1;31m
Start test 7?[0m
Input the length of the secret code:
> 0
Error: The code can be between 1 and 36 characters long.
?[1;31m
Start test 8?[0m
Input the length of the secret code:
> 10
Input the number of possible symbols in the code:
> 9
Error: It is not possible to generate a code with a length of 10 with 9 unique symbols.
?[1;31m
Start test 9?[0m
Input the length of the secret code:
> 9
Input the number of possible symbols in the code:
> 37
Error: Maximum number of possible symbols in the code is 36.
?[1;31m
Start test 10?[0m
Input the length of the secret code:
> abcdefg 1 -6
Error: "abcdefg" isn't a valid number.
]]></system-out>
  <system-err><![CDATA[]]></system-err>
</testsuite>
