<?xml version="1.0" encoding="UTF-8"?>
<testsuite name="BullsCowsTest" tests="1" skipped="0" failures="0" errors="0" timestamp="2020-11-19T14:25:07" hostname="LAPTOP-MURC9SVL" time="3.471">
  <properties/>
  <testcase name="start" classname="BullsCowsTest" time="3.471"/>
  <system-out><![CDATA[?[1;31m
Start test 1?[0m
Input the length of the secret code:
> 1
Input the number of possible symbols in the code:
> 10
The secret code is prepared: * (0-9).
Okay, let's start a game!
Turn 1:
> 0
Grade: None
Turn 2:
> 1
Grade: 1 bull
Congratulations! You guessed the secret code.
?[1;31m
Start test 2?[0m
Input the length of the secret code:
> 4
Input the number of possible symbols in the code:
> 10
The secret code is prepared: **** (0-9).
Okay, let's start a game!
Turn 1:
> 0000
Grade: 1 bull and 3cows
Turn 2:
> 1111
Grade: None
Turn 3:
> 2222
Grade: None
Turn 4:
> 3333
Grade: None
Turn 5:
> 4444
Grade: None
Turn 6:
> 5555
Grade: None
Turn 7:
> 6666
Grade: 1 bull and 3cows
Turn 8:
> 7777
Grade: 1 bull and 3cows
Turn 9:
> 8888
Grade: None
Turn 10:
> 9999
Grade: 1 bull and 3cows
Turn 11:
> 0679
Grade: 4 cows
Turn 12:
> 6079
Grade: 4 cows
Turn 13:
> 7069
Grade: 1 bull and 3cows
Turn 14:
> 0769
Grade: 2 bulls and 2cows
Turn 15:
> 6709
Grade: 1 bull and 3cows
Turn 16:
> 7609
Grade: 4 cows
Turn 17:
> 9607
Grade: 1 bull and 3cows
Turn 18:
> 6907
Grade: 4 cows
Turn 19:
> 0967
Grade: 1 bull and 3cows
Turn 20:
> 9067
Grade: 2 bulls and 2cows
Turn 21:
> 6097
Grade: 4 cows
Turn 22:
> 0697
Grade: 4 cows
Turn 23:
> 0796
Grade: 1 bull and 3cows
Turn 24:
> 7096
Grade: 4 cows
Turn 25:
> 9076
Grade: 1 bull and 3cows
Turn 26:
> 0976
Grade: 4 cows
Turn 27:
> 7906
Grade: 4 cows
Turn 28:
> 9706
Grade: 2 bulls and 2cows
Turn 29:
> 9760
Grade: 4 bulls
Congratulations! You guessed the secret code.
?[1;31m
Start test 3?[0m
Input the length of the secret code:
> 6
Input the number of possible symbols in the code:
> 10
The secret code is prepared: ****** (0-9).
Okay, let's start a game!
Turn 1:
> 000000
Grade: None
Turn 2:
> 111111
Grade: 1 bull and 5cows
Turn 3:
> 222222
Grade: 1 bull and 5cows
Turn 4:
> 333333
Grade: 1 bull and 5cows
Turn 5:
> 444444
Grade: 1 bull and 5cows
Turn 6:
> 555555
Grade: None
Turn 7:
> 666666
Grade: 1 bull and 5cows
Turn 8:
> 777777
Grade: 1 bull and 5cows
Turn 9:
> 123467
Grade: 1 bull and 5cows
Turn 10:
> 213467
Grade: 6 cows
Turn 11:
> 312467
Grade: 6 cows
Turn 12:
> 132467
Grade: 2 bulls and 4cows
Turn 13:
> 231467
Grade: 1 bull and 5cows
Turn 14:
> 321467
Grade: 6 cows
Turn 15:
> 421367
Grade: 6 cows
Turn 16:
> 241367
Grade: 6 cows
Turn 17:
> 142367
Grade: 1 bull and 5cows
Turn 18:
> 412367
Grade: 6 cows
Turn 19:
> 214367
Grade: 1 bull and 5cows
Turn 20:
> 124367
Grade: 2 bulls and 4cows
Turn 21:
> 134267
Grade: 4 bulls and 2cows
Turn 22:
> 314267
Grade: 2 bulls and 4cows
Turn 23:
> 413267
Grade: 1 bull and 5cows
Turn 24:
> 143267
Grade: 2 bulls and 4cows
Turn 25:
> 341267
Grade: 1 bull and 5cows
Turn 26:
> 431267
Grade: 2 bulls and 4cows
Turn 27:
> 432167
Grade: 1 bull and 5cows
Turn 28:
> 342167
Grade: 6 cows
Turn 29:
> 243167
Grade: 6 cows
Turn 30:
> 423167
Grade: 6 cows
Turn 31:
> 324167
Grade: 1 bull and 5cows
Turn 32:
> 234167
Grade: 2 bulls and 4cows
Turn 33:
> 634127
Grade: 2 bulls and 4cows
Turn 34:
> 364127
Grade: 1 bull and 5cows
Turn 35:
> 463127
Grade: 6 cows
Turn 36:
> 643127
Grade: 6 cows
Turn 37:
> 346127
Grade: 6 cows
Turn 38:
> 436127
Grade: 1 bull and 5cows
Turn 39:
> 136427
Grade: 2 bulls and 4cows
Turn 40:
> 316427
Grade: 6 cows
Turn 41:
> 613427
Grade: 6 cows
Turn 42:
> 163427
Grade: 1 bull and 5cows
Turn 43:
> 361427
Grade: 6 cows
Turn 44:
> 631427
Grade: 1 bull and 5cows
Turn 45:
> 641327
Grade: 6 cows
Turn 46:
> 461327
Grade: 6 cows
Turn 47:
> 164327
Grade: 2 bulls and 4cows
Turn 48:
> 614327
Grade: 1 bull and 5cows
Turn 49:
> 416327
Grade: 6 cows
Turn 50:
> 146327
Grade: 1 bull and 5cows
Turn 51:
> 143627
Grade: 1 bull and 5cows
Turn 52:
> 413627
Grade: 6 cows
Turn 53:
> 314627
Grade: 1 bull and 5cows
Turn 54:
> 134627
Grade: 3 bulls and 3cows
Turn 55:
> 431627
Grade: 1 bull and 5cows
Turn 56:
> 341627
Grade: 6 cows
Turn 57:
> 241637
Grade: 6 cows
Turn 58:
> 421637
Grade: 6 cows
Turn 59:
> 124637
Grade: 2 bulls and 4cows
Turn 60:
> 214637
Grade: 1 bull and 5cows
Turn 61:
> 412637
Grade: 6 cows
Turn 62:
> 142637
Grade: 1 bull and 5cows
Turn 63:
> 642137
Grade: 6 cows
Turn 64:
> 462137
Grade: 6 cows
Turn 65:
> 264137
Grade: 1 bull and 5cows
Turn 66:
> 624137
Grade: 1 bull and 5cows
Turn 67:
> 426137
Grade: 6 cows
Turn 68:
> 246137
Grade: 6 cows
Turn 69:
> 216437
Grade: 6 cows
Turn 70:
> 126437
Grade: 1 bull and 5cows
Turn 71:
> 621437
Grade: 6 cows
Turn 72:
> 261437
Grade: 6 cows
Turn 73:
> 162437
Grade: 1 bull and 5cows
Turn 74:
> 612437
Grade: 6 cows
Turn 75:
> 614237
Grade: 2 bulls and 4cows
Turn 76:
> 164237
Grade: 3 bulls and 3cows
Turn 77:
> 461237
Grade: 1 bull and 5cows
Turn 78:
> 641237
Grade: 1 bull and 5cows
Turn 79:
> 146237
Grade: 2 bulls and 4cows
Turn 80:
> 416237
Grade: 1 bull and 5cows
Turn 81:
> 316247
Grade: 1 bull and 5cows
Turn 82:
> 136247
Grade: 3 bulls and 3cows
Turn 83:
> 631247
Grade: 2 bulls and 4cows
Turn 84:
> 361247
Grade: 1 bull and 5cows
Turn 85:
> 163247
Grade: 2 bulls and 4cows
Turn 86:
> 613247
Grade: 1 bull and 5cows
Turn 87:
> 213647
Grade: 6 cows
Turn 88:
> 123647
Grade: 1 bull and 5cows
Turn 89:
> 321647
Grade: 6 cows
Turn 90:
> 231647
Grade: 1 bull and 5cows
Turn 91:
> 132647
Grade: 2 bulls and 4cows
Turn 92:
> 312647
Grade: 6 cows
Turn 93:
> 362147
Grade: 6 cows
Turn 94:
> 632147
Grade: 1 bull and 5cows
Turn 95:
> 236147
Grade: 1 bull and 5cows
Turn 96:
> 326147
Grade: 6 cows
Turn 97:
> 623147
Grade: 6 cows
Turn 98:
> 263147
Grade: 6 cows
Turn 99:
> 261347
Grade: 6 cows
Turn 100:
> 621347
Grade: 6 cows
Turn 101:
> 126347
Grade: 1 bull and 5cows
Turn 102:
> 216347
Grade: 6 cows
Turn 103:
> 612347
Grade: 6 cows
Turn 104:
> 162347
Grade: 1 bull and 5cows
Turn 105:
> 462317
Grade: 6 cows
Turn 106:
> 642317
Grade: 6 cows
Turn 107:
> 246317
Grade: 6 cows
Turn 108:
> 426317
Grade: 6 cows
Turn 109:
> 624317
Grade: 1 bull and 5cows
Turn 110:
> 264317
Grade: 1 bull and 5cows
Turn 111:
> 364217
Grade: 2 bulls and 4cows
Turn 112:
> 634217
Grade: 3 bulls and 3cows
Turn 113:
> 436217
Grade: 2 bulls and 4cows
Turn 114:
> 346217
Grade: 1 bull and 5cows
Turn 115:
> 643217
Grade: 1 bull and 5cows
Turn 116:
> 463217
Grade: 1 bull and 5cows
Turn 117:
> 423617
Grade: 6 cows
Turn 118:
> 243617
Grade: 6 cows
Turn 119:
> 342617
Grade: 6 cows
Turn 120:
> 432617
Grade: 1 bull and 5cows
Turn 121:
> 234617
Grade: 2 bulls and 4cows
Turn 122:
> 324617
Grade: 1 bull and 5cows
Turn 123:
> 326417
Grade: 6 cows
Turn 124:
> 236417
Grade: 1 bull and 5cows
Turn 125:
> 632417
Grade: 1 bull and 5cows
Turn 126:
> 362417
Grade: 6 cows
Turn 127:
> 263417
Grade: 6 cows
Turn 128:
> 623417
Grade: 6 cows
Turn 129:
> 723416
Grade: 1 bull and 5cows
Turn 130:
> 273416
Grade: 1 bull and 5cows
Turn 131:
> 372416
Grade: 1 bull and 5cows
Turn 132:
> 732416
Grade: 2 bulls and 4cows
Turn 133:
> 237416
Grade: 2 bulls and 4cows
Turn 134:
> 327416
Grade: 1 bull and 5cows
Turn 135:
> 427316
Grade: 1 bull and 5cows
Turn 136:
> 247316
Grade: 1 bull and 5cows
Turn 137:
> 742316
Grade: 1 bull and 5cows
Turn 138:
> 472316
Grade: 1 bull and 5cows
Turn 139:
> 274316
Grade: 2 bulls and 4cows
Turn 140:
> 724316
Grade: 2 bulls and 4cows
Turn 141:
> 734216
Grade: 4 bulls and 2cows
Turn 142:
> 374216
Grade: 3 bulls and 3cows
Turn 143:
> 473216
Grade: 2 bulls and 4cows
Turn 144:
> 743216
Grade: 2 bulls and 4cows
Turn 145:
> 347216
Grade: 2 bulls and 4cows
Turn 146:
> 437216
Grade: 3 bulls and 3cows
Turn 147:
> 432716
Grade: 2 bulls and 4cows
Turn 148:
> 342716
Grade: 1 bull and 5cows
Turn 149:
> 243716
Grade: 1 bull and 5cows
Turn 150:
> 423716
Grade: 1 bull and 5cows
Turn 151:
> 324716
Grade: 2 bulls and 4cows
Turn 152:
> 234716
Grade: 3 bulls and 3cows
Turn 153:
> 134726
Grade: 4 bulls and 2cows
Turn 154:
> 314726
Grade: 2 bulls and 4cows
Turn 155:
> 413726
Grade: 1 bull and 5cows
Turn 156:
> 143726
Grade: 2 bulls and 4cows
Turn 157:
> 341726
Grade: 1 bull and 5cows
Turn 158:
> 431726
Grade: 2 bulls and 4cows
Turn 159:
> 731426
Grade: 2 bulls and 4cows
Turn 160:
> 371426
Grade: 1 bull and 5cows
Turn 161:
> 173426
Grade: 2 bulls and 4cows
Turn 162:
> 713426
Grade: 1 bull and 5cows
Turn 163:
> 317426
Grade: 1 bull and 5cows
Turn 164:
> 137426
Grade: 3 bulls and 3cows
Turn 165:
> 147326
Grade: 2 bulls and 4cows
Turn 166:
> 417326
Grade: 1 bull and 5cows
Turn 167:
> 714326
Grade: 2 bulls and 4cows
Turn 168:
> 174326
Grade: 3 bulls and 3cows
Turn 169:
> 471326
Grade: 1 bull and 5cows
Turn 170:
> 741326
Grade: 1 bull and 5cows
Turn 171:
> 743126
Grade: 1 bull and 5cows
Turn 172:
> 473126
Grade: 1 bull and 5cows
Turn 173:
> 374126
Grade: 2 bulls and 4cows
Turn 174:
> 734126
Grade: 3 bulls and 3cows
Turn 175:
> 437126
Grade: 2 bulls and 4cows
Turn 176:
> 347126
Grade: 1 bull and 5cows
Turn 177:
> 247136
Grade: 1 bull and 5cows
Turn 178:
> 427136
Grade: 1 bull and 5cows
Turn 179:
> 724136
Grade: 2 bulls and 4cows
Turn 180:
> 274136
Grade: 2 bulls and 4cows
Turn 181:
> 472136
Grade: 1 bull and 5cows
Turn 182:
> 742136
Grade: 1 bull and 5cows
Turn 183:
> 142736
Grade: 2 bulls and 4cows
Turn 184:
> 412736
Grade: 1 bull and 5cows
Turn 185:
> 214736
Grade: 2 bulls and 4cows
Turn 186:
> 124736
Grade: 3 bulls and 3cows
Turn 187:
> 421736
Grade: 1 bull and 5cows
Turn 188:
> 241736
Grade: 1 bull and 5cows
Turn 189:
> 271436
Grade: 1 bull and 5cows
Turn 190:
> 721436
Grade: 1 bull and 5cows
Turn 191:
> 127436
Grade: 2 bulls and 4cows
Turn 192:
> 217436
Grade: 1 bull and 5cows
Turn 193:
> 712436
Grade: 1 bull and 5cows
Turn 194:
> 172436
Grade: 2 bulls and 4cows
Turn 195:
> 174236
Grade: 4 bulls and 2cows
Turn 196:
> 714236
Grade: 3 bulls and 3cows
Turn 197:
> 417236
Grade: 2 bulls and 4cows
Turn 198:
> 147236
Grade: 3 bulls and 3cows
Turn 199:
> 741236
Grade: 2 bulls and 4cows
Turn 200:
> 471236
Grade: 2 bulls and 4cows
Turn 201:
> 371246
Grade: 2 bulls and 4cows
Turn 202:
> 731246
Grade: 3 bulls and 3cows
Turn 203:
> 137246
Grade: 4 bulls and 2cows
Turn 204:
> 317246
Grade: 2 bulls and 4cows
Turn 205:
> 713246
Grade: 2 bulls and 4cows
Turn 206:
> 173246
Grade: 3 bulls and 3cows
Turn 207:
> 273146
Grade: 1 bull and 5cows
Turn 208:
> 723146
Grade: 1 bull and 5cows
Turn 209:
> 327146
Grade: 1 bull and 5cows
Turn 210:
> 237146
Grade: 2 bulls and 4cows
Turn 211:
> 732146
Grade: 2 bulls and 4cows
Turn 212:
> 372146
Grade: 1 bull and 5cows
Turn 213:
> 312746
Grade: 1 bull and 5cows
Turn 214:
> 132746
Grade: 3 bulls and 3cows
Turn 215:
> 231746
Grade: 2 bulls and 4cows
Turn 216:
> 321746
Grade: 1 bull and 5cows
Turn 217:
> 123746
Grade: 2 bulls and 4cows
Turn 218:
> 213746
Grade: 1 bull and 5cows
Turn 219:
> 217346
Grade: 1 bull and 5cows
Turn 220:
> 127346
Grade: 2 bulls and 4cows
Turn 221:
> 721346
Grade: 1 bull and 5cows
Turn 222:
> 271346
Grade: 1 bull and 5cows
Turn 223:
> 172346
Grade: 2 bulls and 4cows
Turn 224:
> 712346
Grade: 1 bull and 5cows
Turn 225:
> 412376
Grade: 2 bulls and 4cows
Turn 226:
> 142376
Grade: 3 bulls and 3cows
Turn 227:
> 241376
Grade: 2 bulls and 4cows
Turn 228:
> 421376
Grade: 2 bulls and 4cows
Turn 229:
> 124376
Grade: 4 bulls and 2cows
Turn 230:
> 214376
Grade: 3 bulls and 3cows
Turn 231:
> 314276
Grade: 4 bulls and 2cows
Turn 232:
> 134276
Grade: 6 bulls
Congratulations! You guessed the secret code.
?[1;31m
Start test 4?[0m
Input the length of the secret code:
> 4
Input the number of possible symbols in the code:
> 16
The secret code is prepared: **** (0-9, a-f).
Okay, let's start a game!
Turn 1:
> 0000
Grade: 1 bull and 3cows
Turn 2:
> 1111
Grade: None
Turn 3:
> 2222
Grade: None
Turn 4:
> 3333
Grade: None
Turn 5:
> 4444
Grade: None
Turn 6:
> 5555
Grade: 1 bull and 3cows
Turn 7:
> 6666
Grade: None
Turn 8:
> 7777
Grade: None
Turn 9:
> 8888
Grade: 1 bull and 3cows
Turn 10:
> 9999
Grade: None
Turn 11:
> aaaa
Grade: None
Turn 12:
> bbbb
Grade: None
Turn 13:
> cccc
Grade: None
Turn 14:
> dddd
Grade: 1 bull and 3cows
Turn 15:
> 058d
Grade: 1 bull and 3cows
Turn 16:
> 508d
Grade: 4 cows
Turn 17:
> 805d
Grade: 1 bull and 3cows
Turn 18:
> 085d
Grade: 2 bulls and 2cows
Turn 19:
> 580d
Grade: 4 cows
Turn 20:
> 850d
Grade: 4 cows
Turn 21:
> d508
Grade: 1 bull and 3cows
Turn 22:
> 5d08
Grade: 2 bulls and 2cows
Turn 23:
> 0d58
Grade: 4 bulls
Congratulations! You guessed the secret code.
?[1;31m
Start test 5?[0m
Input the length of the secret code:
> 6
Input the number of possible symbols in the code:
> 36
The secret code is prepared: ****** (0-9, a-z).
Okay, let's start a game!
Turn 1:
> 000000
Grade: None
Turn 2:
> 111111
Grade: 1 bull and 5cows
Turn 3:
> 222222
Grade: None
Turn 4:
> 333333
Grade: None
Turn 5:
> 444444
Grade: None
Turn 6:
> 555555
Grade: 1 bull and 5cows
Turn 7:
> 666666
Grade: None
Turn 8:
> 777777
Grade: None
Turn 9:
> 888888
Grade: None
Turn 10:
> 999999
Grade: None
Turn 11:
> aaaaaa
Grade: None
Turn 12:
> bbbbbb
Grade: None
Turn 13:
> cccccc
Grade: 1 bull and 5cows
Turn 14:
> dddddd
Grade: 1 bull and 5cows
Turn 15:
> eeeeee
Grade: None
Turn 16:
> ffffff
Grade: 1 bull and 5cows
Turn 17:
> gggggg
Grade: None
Turn 18:
> hhhhhh
Grade: None
Turn 19:
> iiiiii
Grade: None
Turn 20:
> jjjjjj
Grade: None
Turn 21:
> kkkkkk
Grade: 1 bull and 5cows
Turn 22:
> 15cdfk
Grade: 6 cows
Turn 23:
> 51cdfk
Grade: 6 cows
Turn 24:
> c15dfk
Grade: 6 cows
Turn 25:
> 1c5dfk
Grade: 6 cows
Turn 26:
> 5c1dfk
Grade: 6 cows
Turn 27:
> c51dfk
Grade: 6 cows
Turn 28:
> d51cfk
Grade: 6 cows
Turn 29:
> 5d1cfk
Grade: 1 bull and 5cows
Turn 30:
> 1d5cfk
Grade: 1 bull and 5cows
Turn 31:
> d15cfk
Grade: 6 cows
Turn 32:
> 51dcfk
Grade: 6 cows
Turn 33:
> 15dcfk
Grade: 6 cows
Turn 34:
> 1cd5fk
Grade: 6 cows
Turn 35:
> c1d5fk
Grade: 6 cows
Turn 36:
> d1c5fk
Grade: 6 cows
Turn 37:
> 1dc5fk
Grade: 1 bull and 5cows
Turn 38:
> cd15fk
Grade: 1 bull and 5cows
Turn 39:
> dc15fk
Grade: 6 cows
Turn 40:
> dc51fk
Grade: 1 bull and 5cows
Turn 41:
> cd51fk
Grade: 2 bulls and 4cows
Turn 42:
> 5dc1fk
Grade: 2 bulls and 4cows
Turn 43:
> d5c1fk
Grade: 1 bull and 5cows
Turn 44:
> c5d1fk
Grade: 1 bull and 5cows
Turn 45:
> 5cd1fk
Grade: 1 bull and 5cows
Turn 46:
> fcd15k
Grade: 2 bulls and 4cows
Turn 47:
> cfd15k
Grade: 1 bull and 5cows
Turn 48:
> dfc15k
Grade: 1 bull and 5cows
Turn 49:
> fdc15k
Grade: 3 bulls and 3cows
Turn 50:
> cdf15k
Grade: 2 bulls and 4cows
Turn 51:
> dcf15k
Grade: 1 bull and 5cows
Turn 52:
> 1cfd5k
Grade: 6 cows
Turn 53:
> c1fd5k
Grade: 6 cows
Turn 54:
> f1cd5k
Grade: 1 bull and 5cows
Turn 55:
> 1fcd5k
Grade: 6 cows
Turn 56:
> cf1d5k
Grade: 6 cows
Turn 57:
> fc1d5k
Grade: 1 bull and 5cows
Turn 58:
> fd1c5k
Grade: 2 bulls and 4cows
Turn 59:
> df1c5k
Grade: 6 cows
Turn 60:
> 1fdc5k
Grade: 6 cows
Turn 61:
> f1dc5k
Grade: 1 bull and 5cows
Turn 62:
> d1fc5k
Grade: 6 cows
Turn 63:
> 1dfc5k
Grade: 1 bull and 5cows
Turn 64:
> 1dcf5k
Grade: 1 bull and 5cows
Turn 65:
> d1cf5k
Grade: 6 cows
Turn 66:
> c1df5k
Grade: 6 cows
Turn 67:
> 1cdf5k
Grade: 6 cows
Turn 68:
> dc1f5k
Grade: 6 cows
Turn 69:
> cd1f5k
Grade: 1 bull and 5cows
Turn 70:
> 5d1fck
Grade: 2 bulls and 4cows
Turn 71:
> d51fck
Grade: 1 bull and 5cows
Turn 72:
> 15dfck
Grade: 1 bull and 5cows
Turn 73:
> 51dfck
Grade: 1 bull and 5cows
Turn 74:
> d15fck
Grade: 1 bull and 5cows
Turn 75:
> 1d5fck
Grade: 2 bulls and 4cows
Turn 76:
> fd51ck
Grade: 4 bulls and 2cows
Turn 77:
> df51ck
Grade: 2 bulls and 4cows
Turn 78:
> 5fd1ck
Grade: 2 bulls and 4cows
Turn 79:
> f5d1ck
Grade: 3 bulls and 3cows
Turn 80:
> d5f1ck
Grade: 2 bulls and 4cows
Turn 81:
> 5df1ck
Grade: 3 bulls and 3cows
Turn 82:
> 51fdck
Grade: 1 bull and 5cows
Turn 83:
> 15fdck
Grade: 1 bull and 5cows
Turn 84:
> f51dck
Grade: 2 bulls and 4cows
Turn 85:
> 5f1dck
Grade: 1 bull and 5cows
Turn 86:
> 1f5dck
Grade: 1 bull and 5cows
Turn 87:
> f15dck
Grade: 2 bulls and 4cows
Turn 88:
> f1d5ck
Grade: 2 bulls and 4cows
Turn 89:
> 1fd5ck
Grade: 1 bull and 5cows
Turn 90:
> df15ck
Grade: 1 bull and 5cows
Turn 91:
> fd15ck
Grade: 3 bulls and 3cows
Turn 92:
> 1df5ck
Grade: 2 bulls and 4cows
Turn 93:
> d1f5ck
Grade: 1 bull and 5cows
Turn 94:
> c1f5dk
Grade: 6 cows
Turn 95:
> 1cf5dk
Grade: 6 cows
Turn 96:
> fc15dk
Grade: 1 bull and 5cows
Turn 97:
> cf15dk
Grade: 6 cows
Turn 98:
> 1fc5dk
Grade: 6 cows
Turn 99:
> f1c5dk
Grade: 1 bull and 5cows
Turn 100:
> 51cfdk
Grade: 6 cows
Turn 101:
> 15cfdk
Grade: 6 cows
Turn 102:
> c51fdk
Grade: 6 cows
Turn 103:
> 5c1fdk
Grade: 6 cows
Turn 104:
> 1c5fdk
Grade: 6 cows
Turn 105:
> c15fdk
Grade: 6 cows
Turn 106:
> cf51dk
Grade: 1 bull and 5cows
Turn 107:
> fc51dk
Grade: 2 bulls and 4cows
Turn 108:
> 5cf1dk
Grade: 1 bull and 5cows
Turn 109:
> c5f1dk
Grade: 1 bull and 5cows
Turn 110:
> f5c1dk
Grade: 2 bulls and 4cows
Turn 111:
> 5fc1dk
Grade: 1 bull and 5cows
Turn 112:
> 5f1cdk
Grade: 6 cows
Turn 113:
> f51cdk
Grade: 1 bull and 5cows
Turn 114:
> 15fcdk
Grade: 6 cows
Turn 115:
> 51fcdk
Grade: 6 cows
Turn 116:
> f15cdk
Grade: 1 bull and 5cows
Turn 117:
> 1f5cdk
Grade: 6 cows
Turn 118:
> df5c1k
Grade: 6 cows
Turn 119:
> fd5c1k
Grade: 2 bulls and 4cows
Turn 120:
> 5dfc1k
Grade: 1 bull and 5cows
Turn 121:
> d5fc1k
Grade: 6 cows
Turn 122:
> f5dc1k
Grade: 1 bull and 5cows
Turn 123:
> 5fdc1k
Grade: 6 cows
Turn 124:
> cfd51k
Grade: 6 cows
Turn 125:
> fcd51k
Grade: 1 bull and 5cows
Turn 126:
> dcf51k
Grade: 6 cows
Turn 127:
> cdf51k
Grade: 1 bull and 5cows
Turn 128:
> fdc51k
Grade: 2 bulls and 4cows
Turn 129:
> dfc51k
Grade: 6 cows
Turn 130:
> d5cf1k
Grade: 6 cows
Turn 131:
> 5dcf1k
Grade: 1 bull and 5cows
Turn 132:
> cd5f1k
Grade: 1 bull and 5cows
Turn 133:
> dc5f1k
Grade: 6 cows
Turn 134:
> 5cdf1k
Grade: 6 cows
Turn 135:
> c5df1k
Grade: 6 cows
Turn 136:
> c5fd1k
Grade: 6 cows
Turn 137:
> 5cfd1k
Grade: 6 cows
Turn 138:
> fc5d1k
Grade: 1 bull and 5cows
Turn 139:
> cf5d1k
Grade: 6 cows
Turn 140:
> 5fcd1k
Grade: 6 cows
Turn 141:
> f5cd1k
Grade: 1 bull and 5cows
Turn 142:
> k5cd1f
Grade: 6 cows
Turn 143:
> 5kcd1f
Grade: 6 cows
Turn 144:
> ck5d1f
Grade: 6 cows
Turn 145:
> kc5d1f
Grade: 6 cows
Turn 146:
> 5ckd1f
Grade: 1 bull and 5cows
Turn 147:
> c5kd1f
Grade: 1 bull and 5cows
Turn 148:
> d5kc1f
Grade: 1 bull and 5cows
Turn 149:
> 5dkc1f
Grade: 2 bulls and 4cows
Turn 150:
> kd5c1f
Grade: 1 bull and 5cows
Turn 151:
> dk5c1f
Grade: 6 cows
Turn 152:
> 5kdc1f
Grade: 6 cows
Turn 153:
> k5dc1f
Grade: 6 cows
Turn 154:
> kcd51f
Grade: 6 cows
Turn 155:
> ckd51f
Grade: 6 cows
Turn 156:
> dkc51f
Grade: 6 cows
Turn 157:
> kdc51f
Grade: 1 bull and 5cows
Turn 158:
> cdk51f
Grade: 2 bulls and 4cows
Turn 159:
> dck51f
Grade: 1 bull and 5cows
Turn 160:
> dc5k1f
Grade: 6 cows
Turn 161:
> cd5k1f
Grade: 1 bull and 5cows
Turn 162:
> 5dck1f
Grade: 1 bull and 5cows
Turn 163:
> d5ck1f
Grade: 6 cows
Turn 164:
> c5dk1f
Grade: 6 cows
Turn 165:
> 5cdk1f
Grade: 6 cows
Turn 166:
> 1cdk5f
Grade: 6 cows
Turn 167:
> c1dk5f
Grade: 6 cows
Turn 168:
> d1ck5f
Grade: 6 cows
Turn 169:
> 1dck5f
Grade: 1 bull and 5cows
Turn 170:
> cd1k5f
Grade: 1 bull and 5cows
Turn 171:
> dc1k5f
Grade: 6 cows
Turn 172:
> kc1d5f
Grade: 6 cows
Turn 173:
> ck1d5f
Grade: 6 cows
Turn 174:
> 1kcd5f
Grade: 6 cows
Turn 175:
> k1cd5f
Grade: 6 cows
Turn 176:
> c1kd5f
Grade: 1 bull and 5cows
Turn 177:
> 1ckd5f
Grade: 1 bull and 5cows
Turn 178:
> 1dkc5f
Grade: 2 bulls and 4cows
Turn 179:
> d1kc5f
Grade: 1 bull and 5cows
Turn 180:
> k1dc5f
Grade: 6 cows
Turn 181:
> 1kdc5f
Grade: 6 cows
Turn 182:
> dk1c5f
Grade: 6 cows
Turn 183:
> kd1c5f
Grade: 1 bull and 5cows
Turn 184:
> kdc15f
Grade: 2 bulls and 4cows
Turn 185:
> dkc15f
Grade: 1 bull and 5cows
Turn 186:
> ckd15f
Grade: 1 bull and 5cows
Turn 187:
> kcd15f
Grade: 1 bull and 5cows
Turn 188:
> dck15f
Grade: 2 bulls and 4cows
Turn 189:
> cdk15f
Grade: 3 bulls and 3cows
Turn 190:
> 5dk1cf
Grade: 4 bulls and 2cows
Turn 191:
> d5k1cf
Grade: 3 bulls and 3cows
Turn 192:
> k5d1cf
Grade: 2 bulls and 4cows
Turn 193:
> 5kd1cf
Grade: 2 bulls and 4cows
Turn 194:
> dk51cf
Grade: 2 bulls and 4cows
Turn 195:
> kd51cf
Grade: 3 bulls and 3cows
Turn 196:
> 1d5kcf
Grade: 2 bulls and 4cows
Turn 197:
> d15kcf
Grade: 1 bull and 5cows
Turn 198:
> 51dkcf
Grade: 1 bull and 5cows
Turn 199:
> 15dkcf
Grade: 1 bull and 5cows
Turn 200:
> d51kcf
Grade: 1 bull and 5cows
Turn 201:
> 5d1kcf
Grade: 2 bulls and 4cows
Turn 202:
> 5k1dcf
Grade: 1 bull and 5cows
Turn 203:
> k51dcf
Grade: 1 bull and 5cows
Turn 204:
> 15kdcf
Grade: 2 bulls and 4cows
Turn 205:
> 51kdcf
Grade: 2 bulls and 4cows
Turn 206:
> k15dcf
Grade: 1 bull and 5cows
Turn 207:
> 1k5dcf
Grade: 1 bull and 5cows
Turn 208:
> 1kd5cf
Grade: 1 bull and 5cows
Turn 209:
> k1d5cf
Grade: 1 bull and 5cows
Turn 210:
> d1k5cf
Grade: 2 bulls and 4cows
Turn 211:
> 1dk5cf
Grade: 3 bulls and 3cows
Turn 212:
> kd15cf
Grade: 2 bulls and 4cows
Turn 213:
> dk15cf
Grade: 1 bull and 5cows
Turn 214:
> ck15df
Grade: 6 cows
Turn 215:
> kc15df
Grade: 6 cows
Turn 216:
> 1ck5df
Grade: 1 bull and 5cows
Turn 217:
> c1k5df
Grade: 1 bull and 5cows
Turn 218:
> k1c5df
Grade: 6 cows
Turn 219:
> 1kc5df
Grade: 6 cows
Turn 220:
> 5kc1df
Grade: 1 bull and 5cows
Turn 221:
> k5c1df
Grade: 1 bull and 5cows
Turn 222:
> c5k1df
Grade: 2 bulls and 4cows
Turn 223:
> 5ck1df
Grade: 2 bulls and 4cows
Turn 224:
> kc51df
Grade: 1 bull and 5cows
Turn 225:
> ck51df
Grade: 1 bull and 5cows
Turn 226:
> c15kdf
Grade: 6 cows
Turn 227:
> 1c5kdf
Grade: 6 cows
Turn 228:
> 5c1kdf
Grade: 6 cows
Turn 229:
> c51kdf
Grade: 6 cows
Turn 230:
> 15ckdf
Grade: 6 cows
Turn 231:
> 51ckdf
Grade: 6 cows
Turn 232:
> 51kcdf
Grade: 1 bull and 5cows
Turn 233:
> 15kcdf
Grade: 1 bull and 5cows
Turn 234:
> k51cdf
Grade: 6 cows
Turn 235:
> 5k1cdf
Grade: 6 cows
Turn 236:
> 1k5cdf
Grade: 6 cows
Turn 237:
> k15cdf
Grade: 6 cows
Turn 238:
> d15ckf
Grade: 6 cows
Turn 239:
> 1d5ckf
Grade: 1 bull and 5cows
Turn 240:
> 5d1ckf
Grade: 1 bull and 5cows
Turn 241:
> d51ckf
Grade: 6 cows
Turn 242:
> 15dckf
Grade: 6 cows
Turn 243:
> 51dckf
Grade: 6 cows
Turn 244:
> c1d5kf
Grade: 6 cows
Turn 245:
> 1cd5kf
Grade: 6 cows
Turn 246:
> dc15kf
Grade: 6 cows
Turn 247:
> cd15kf
Grade: 1 bull and 5cows
Turn 248:
> 1dc5kf
Grade: 1 bull and 5cows
Turn 249:
> d1c5kf
Grade: 6 cows
Turn 250:
> d5c1kf
Grade: 1 bull and 5cows
Turn 251:
> 5dc1kf
Grade: 2 bulls and 4cows
Turn 252:
> cd51kf
Grade: 2 bulls and 4cows
Turn 253:
> dc51kf
Grade: 1 bull and 5cows
Turn 254:
> 5cd1kf
Grade: 1 bull and 5cows
Turn 255:
> c5d1kf
Grade: 1 bull and 5cows
Turn 256:
> c51dkf
Grade: 6 cows
Turn 257:
> 5c1dkf
Grade: 6 cows
Turn 258:
> 1c5dkf
Grade: 6 cows
Turn 259:
> c15dkf
Grade: 6 cows
Turn 260:
> 51cdkf
Grade: 6 cows
Turn 261:
> 15cdkf
Grade: 6 cows
Turn 262:
> 1fcdk5
Grade: 1 bull and 5cows
Turn 263:
> f1cdk5
Grade: 2 bulls and 4cows
Turn 264:
> c1fdk5
Grade: 1 bull and 5cows
Turn 265:
> 1cfdk5
Grade: 1 bull and 5cows
Turn 266:
> fc1dk5
Grade: 2 bulls and 4cows
Turn 267:
> cf1dk5
Grade: 1 bull and 5cows
Turn 268:
> df1ck5
Grade: 1 bull and 5cows
Turn 269:
> fd1ck5
Grade: 3 bulls and 3cows
Turn 270:
> 1dfck5
Grade: 2 bulls and 4cows
Turn 271:
> d1fck5
Grade: 1 bull and 5cows
Turn 272:
> f1dck5
Grade: 2 bulls and 4cows
Turn 273:
> 1fdck5
Grade: 1 bull and 5cows
Turn 274:
> 1cdfk5
Grade: 1 bull and 5cows
Turn 275:
> c1dfk5
Grade: 1 bull and 5cows
Turn 276:
> d1cfk5
Grade: 1 bull and 5cows
Turn 277:
> 1dcfk5
Grade: 2 bulls and 4cows
Turn 278:
> cd1fk5
Grade: 2 bulls and 4cows
Turn 279:
> dc1fk5
Grade: 1 bull and 5cows
Turn 280:
> dcf1k5
Grade: 2 bulls and 4cows
Turn 281:
> cdf1k5
Grade: 3 bulls and 3cows
Turn 282:
> fdc1k5
Grade: 4 bulls and 2cows
Turn 283:
> dfc1k5
Grade: 2 bulls and 4cows
Turn 284:
> cfd1k5
Grade: 2 bulls and 4cows
Turn 285:
> fcd1k5
Grade: 3 bulls and 3cows
Turn 286:
> kcd1f5
Grade: 2 bulls and 4cows
Turn 287:
> ckd1f5
Grade: 2 bulls and 4cows
Turn 288:
> dkc1f5
Grade: 2 bulls and 4cows
Turn 289:
> kdc1f5
Grade: 3 bulls and 3cows
Turn 290:
> cdk1f5
Grade: 4 bulls and 2cows
Turn 291:
> dck1f5
Grade: 3 bulls and 3cows
Turn 292:
> 1ckdf5
Grade: 2 bulls and 4cows
Turn 293:
> c1kdf5
Grade: 2 bulls and 4cows
Turn 294:
> k1cdf5
Grade: 1 bull and 5cows
Turn 295:
> 1kcdf5
Grade: 1 bull and 5cows
Turn 296:
> ck1df5
Grade: 1 bull and 5cows
Turn 297:
> kc1df5
Grade: 1 bull and 5cows
Turn 298:
> kd1cf5
Grade: 2 bulls and 4cows
Turn 299:
> dk1cf5
Grade: 1 bull and 5cows
Turn 300:
> 1kdcf5
Grade: 1 bull and 5cows
Turn 301:
> k1dcf5
Grade: 1 bull and 5cows
Turn 302:
> d1kcf5
Grade: 2 bulls and 4cows
Turn 303:
> 1dkcf5
Grade: 3 bulls and 3cows
Turn 304:
> 1dckf5
Grade: 2 bulls and 4cows
Turn 305:
> d1ckf5
Grade: 1 bull and 5cows
Turn 306:
> c1dkf5
Grade: 1 bull and 5cows
Turn 307:
> 1cdkf5
Grade: 1 bull and 5cows
Turn 308:
> dc1kf5
Grade: 1 bull and 5cows
Turn 309:
> cd1kf5
Grade: 2 bulls and 4cows
Turn 310:
> fd1kc5
Grade: 4 bulls and 2cows
Turn 311:
> df1kc5
Grade: 2 bulls and 4cows
Turn 312:
> 1fdkc5
Grade: 2 bulls and 4cows
Turn 313:
> f1dkc5
Grade: 3 bulls and 3cows
Turn 314:
> d1fkc5
Grade: 2 bulls and 4cows
Turn 315:
> 1dfkc5
Grade: 3 bulls and 3cows
Turn 316:
> kdf1c5
Grade: 4 bulls and 2cows
Turn 317:
> dkf1c5
Grade: 3 bulls and 3cows
Turn 318:
> fkd1c5
Grade: 4 bulls and 2cows
Turn 319:
> kfd1c5
Grade: 3 bulls and 3cows
Turn 320:
> dfk1c5
Grade: 4 bulls and 2cows
Turn 321:
> fdk1c5
Grade: 6 bulls
Congratulations! You guessed the secret code.
]]></system-out>
  <system-err><![CDATA[]]></system-err>
</testsuite>
